<?xml version="1.0" encoding="UTF-8"?>
<!-- Generated by org.testng.reporters.JUnitReportReporter -->
<testsuite hostname="DESKTOP-GSSG577" failures="0" tests="1" name="com.startedwithtestNG.tcloginRediff" time="7.038" errors="0" timestamp="2024-09-04T20:41:54 IST" skipped="0">
  <testcase classname="com.startedwithtestNG.tcloginRediff" name="login" time="7.038"/>
</testsuite> <!-- com.startedwithtestNG.tcloginRediff -->
