<?xml version="1.0" encoding="UTF-8"?>
<!-- Generated by org.testng.reporters.JUnitReportReporter -->
<testsuite hostname="DESKTOP-GSSG577" failures="0" tests="1" name="testsSause.SauceDemoLoginTest" time="0.628" errors="0" timestamp="2024-09-13T02:04:26 IST" skipped="0">
  <testcase classname="testsSause.SauceDemoLoginTest" name="validateloginwithValidData" time="0.628"/>
</testsuite> <!-- testsSause.SauceDemoLoginTest -->
