<?xml version="1.0" encoding="UTF-8"?>
<!-- Generated by org.testng.reporters.JUnitReportReporter -->
<testsuite hostname="DESKTOP-GSSG577" failures="0" tests="6" name="parameters.sauceParameter" time="8.481" errors="0" timestamp="2024-09-06T00:26:14 IST" skipped="0">
  <testcase classname="parameters.sauceParameter" name="validateLoginLogout" time="0.838"/>
  <testcase classname="parameters.sauceParameter" name="validateLoginLogout" time="0.384"/>
  <testcase classname="parameters.sauceParameter" name="validateLoginLogout" time="0.516"/>
  <testcase classname="parameters.sauceParameter" name="validateLoginLogout" time="0.495"/>
  <testcase classname="parameters.sauceParameter" name="validateLoginLogout" time="0.639"/>
  <testcase classname="parameters.sauceParameter" name="validateLoginLogout" time="5.609"/>
</testsuite> <!-- parameters.sauceParameter -->
