<?xml version="1.0" encoding="UTF-8"?>
<!-- Generated by org.testng.reporters.JUnitReportReporter -->
<testsuite hostname="DESKTOP-GSSG577" failures="0" tests="2" name="testSuit01.tcsuitlink" time="34.536" errors="0" timestamp="2024-09-04T22:47:07 IST" skipped="0">
  <testcase classname="testSuit01.tcsuitlink" name="validatebusiness" time="14.008"/>
  <testcase classname="testSuit01.tcsuitlink" name="validateabout" time="20.528"/>
</testsuite> <!-- testSuit01.tcsuitlink -->
