<?xml version="1.0" encoding="UTF-8"?>
<!-- Generated by org.testng.reporters.JUnitReportReporter -->
<testsuite hostname="DESKTOP-GSSG577" failures="0" tests="1" name="excelPara.ReadFromExcelFile" time="0.007" errors="0" timestamp="2024-09-10T12:42:41 IST" skipped="0">
  <testcase classname="excelPara.ReadFromExcelFile" name="ReadFromExcel" time="0.007"/>
</testsuite> <!-- excelPara.ReadFromExcelFile -->
