<?xml version="1.0" encoding="UTF-8"?>
<!-- Generated by org.testng.reporters.JUnitReportReporter -->
<testsuite hostname="DESKTOP-GSSG577" failures="0" tests="1" name="excelPara.firstExcel" time="0.025" errors="0" timestamp="2024-09-05T20:58:13 IST" skipped="0">
  <testcase classname="excelPara.firstExcel" name="WriteInCell" time="0.025"/>
</testsuite> <!-- excelPara.firstExcel -->
