<?xml version="1.0" encoding="UTF-8"?>
<!-- Generated by org.testng.reporters.JUnitReportReporter -->
<testsuite hostname="DESKTOP-GSSG577" failures="0" tests="1" name="dummypack.dumone" time="0.221" errors="0" timestamp="2024-09-04T23:25:28 IST" skipped="0">
  <testcase classname="dummypack.dumone" name="loginPg" time="0.221"/>
</testsuite> <!-- dummypack.dumone -->
